[2023-04-28 21:59:04.822] [jointLog] [info] setting maxHashResizeThreads to 4
[2023-04-28 21:59:04.822] [jointLog] [info] Fragment incompatibility prior below threshold.  Incompatible fragments will be ignored.
[2023-04-28 21:59:04.822] [jointLog] [info] Usage of --validateMappings implies use of minScoreFraction. Since not explicitly specified, it is being set to 0.65
[2023-04-28 21:59:04.822] [jointLog] [info] Setting consensusSlack to selective-alignment default of 0.35.
[2023-04-28 21:59:04.822] [jointLog] [info] parsing read library format
[2023-04-28 21:59:04.822] [jointLog] [info] There is 1 library.
[2023-04-28 21:59:04.822] [jointLog] [info] Loading pufferfish index
[2023-04-28 21:59:04.822] [jointLog] [info] Loading dense pufferfish index.
[2023-04-28 21:59:06.878] [jointLog] [info] done
[2023-04-28 21:59:06.983] [jointLog] [info] Index contained 252,045 targets
[2023-04-28 21:59:07.066] [jointLog] [info] Number of decoys : 0
[2023-04-28 21:59:08.317] [jointLog] [info] Automatically detected most likely library type as SF

[2023-04-28 22:00:56.600] [jointLog] [info] Thread saw mini-batch with a maximum of 7.56% zero probability fragments
[2023-04-28 22:00:56.699] [jointLog] [info] Thread saw mini-batch with a maximum of 7.52% zero probability fragments
[2023-04-28 22:00:56.835] [jointLog] [info] Thread saw mini-batch with a maximum of 7.54% zero probability fragments
[2023-04-28 22:00:56.948] [jointLog] [info] Thread saw mini-batch with a maximum of 7.64% zero probability fragments
[2023-04-28 22:00:57.074] [jointLog] [info] Computed 123,892 rich equivalence classes for further processing
[2023-04-28 22:00:57.074] [jointLog] [info] Counted 2,209,409 total reads in the equivalence classes 
[2023-04-28 22:00:57.077] [jointLog] [info] Number of mappings discarded because of alignment score : 16,924,583
[2023-04-28 22:00:57.077] [jointLog] [info] Number of fragments entirely discarded because of alignment score : 191,614
[2023-04-28 22:00:57.077] [jointLog] [info] Number of fragments discarded because they are best-mapped to decoys : 0
[2023-04-28 22:00:57.077] [jointLog] [info] Number of fragments discarded because they have only dovetail (discordant) mappings to valid targets : 0
[2023-04-28 22:00:57.090] [jointLog] [warning] Only 2209409 fragments were mapped, but the number of burn-in fragments was set to 5000000.
The effective lengths have been computed using the observed mappings.

[2023-04-28 22:00:57.090] [jointLog] [info] Mapping rate = 71.7033%

[2023-04-28 22:00:57.090] [jointLog] [info] finished quantifyLibrary()
[2023-04-28 22:00:57.090] [jointLog] [info] Starting optimizer
[2023-04-28 22:00:57.214] [jointLog] [info] Marked 0 weighted equivalence classes as degenerate
[2023-04-28 22:00:57.243] [jointLog] [info] iteration = 0 | max rel diff. = 834.475
[2023-04-28 22:00:57.074] [fileLog] [info] 
At end of round 0
==================
Observed 3081322 total fragments (3081322 in most recent round)

[2023-04-28 22:00:59.740] [jointLog] [info] iteration = 100 | max rel diff. = 7.06821
[2023-04-28 22:01:01.714] [jointLog] [info] iteration = 200 | max rel diff. = 4.39874
[2023-04-28 22:01:03.773] [jointLog] [info] iteration = 300 | max rel diff. = 0.219262
[2023-04-28 22:01:05.809] [jointLog] [info] iteration = 400 | max rel diff. = 3.97674
[2023-04-28 22:01:08.572] [jointLog] [info] iteration = 500 | max rel diff. = 0.171941
[2023-04-28 22:01:11.854] [jointLog] [info] iteration = 600 | max rel diff. = 0.0957338
[2023-04-28 22:01:14.136] [jointLog] [info] iteration = 700 | max rel diff. = 0.0615843
[2023-04-28 22:01:16.473] [jointLog] [info] iteration = 800 | max rel diff. = 0.0666407
[2023-04-28 22:01:18.418] [jointLog] [info] iteration = 888 | max rel diff. = 0.00903073
[2023-04-28 22:01:18.431] [jointLog] [info] Finished optimizer
[2023-04-28 22:01:18.431] [jointLog] [info] writing output 

