[2023-04-28 21:41:59.597] [jointLog] [info] setting maxHashResizeThreads to 4
[2023-04-28 21:41:59.597] [jointLog] [info] Fragment incompatibility prior below threshold.  Incompatible fragments will be ignored.
[2023-04-28 21:41:59.597] [jointLog] [info] Usage of --validateMappings implies use of minScoreFraction. Since not explicitly specified, it is being set to 0.65
[2023-04-28 21:41:59.597] [jointLog] [info] Setting consensusSlack to selective-alignment default of 0.35.
[2023-04-28 21:41:59.597] [jointLog] [info] parsing read library format
[2023-04-28 21:41:59.597] [jointLog] [info] There is 1 library.
[2023-04-28 21:41:59.598] [jointLog] [info] Loading pufferfish index
[2023-04-28 21:41:59.598] [jointLog] [info] Loading dense pufferfish index.
[2023-04-28 21:42:01.313] [jointLog] [info] done
[2023-04-28 21:42:01.413] [jointLog] [info] Index contained 252,045 targets
[2023-04-28 21:42:01.493] [jointLog] [info] Number of decoys : 0
[2023-04-28 21:42:02.250] [jointLog] [info] Automatically detected most likely library type as SF

[2023-04-28 21:44:46.825] [jointLog] [info] Thread saw mini-batch with a maximum of 5.66% zero probability fragments
[2023-04-28 21:44:46.832] [jointLog] [info] Thread saw mini-batch with a maximum of 5.92% zero probability fragments
[2023-04-28 21:44:46.918] [jointLog] [info] Thread saw mini-batch with a maximum of 5.88% zero probability fragments
[2023-04-28 21:44:47.011] [jointLog] [info] Thread saw mini-batch with a maximum of 5.58% zero probability fragments
[2023-04-28 21:44:47.146] [jointLog] [info] Computed 168,251 rich equivalence classes for further processing
[2023-04-28 21:44:47.146] [jointLog] [info] Counted 4,740,505 total reads in the equivalence classes 
[2023-04-28 21:44:47.149] [jointLog] [info] Number of mappings discarded because of alignment score : 31,939,261
[2023-04-28 21:44:47.149] [jointLog] [info] Number of fragments entirely discarded because of alignment score : 367,430
[2023-04-28 21:44:47.149] [jointLog] [info] Number of fragments discarded because they are best-mapped to decoys : 0
[2023-04-28 21:44:47.149] [jointLog] [info] Number of fragments discarded because they have only dovetail (discordant) mappings to valid targets : 0
[2023-04-28 21:44:47.160] [jointLog] [warning] Only 4740505 fragments were mapped, but the number of burn-in fragments was set to 5000000.
The effective lengths have been computed using the observed mappings.

[2023-04-28 21:44:47.160] [jointLog] [info] Mapping rate = 72.9692%

[2023-04-28 21:44:47.160] [jointLog] [info] finished quantifyLibrary()
[2023-04-28 21:44:47.160] [jointLog] [info] Starting optimizer
[2023-04-28 21:44:47.289] [jointLog] [info] Marked 0 weighted equivalence classes as degenerate
[2023-04-28 21:44:47.146] [fileLog] [info] 
At end of round 0
==================
Observed 6496585 total fragments (6496585 in most recent round)

[2023-04-28 21:44:47.312] [jointLog] [info] iteration = 0 | max rel diff. = 1699.73
[2023-04-28 21:44:49.480] [jointLog] [info] iteration = 100 | max rel diff. = 20.697
[2023-04-28 21:44:51.659] [jointLog] [info] iteration = 200 | max rel diff. = 1.05301
[2023-04-28 21:44:53.827] [jointLog] [info] iteration = 300 | max rel diff. = 2.46762
[2023-04-28 21:44:55.998] [jointLog] [info] iteration = 400 | max rel diff. = 9.93499
[2023-04-28 21:44:58.156] [jointLog] [info] iteration = 500 | max rel diff. = 0.908233
[2023-04-28 21:45:00.329] [jointLog] [info] iteration = 600 | max rel diff. = 5.5127
[2023-04-28 21:45:02.515] [jointLog] [info] iteration = 700 | max rel diff. = 0.184033
[2023-04-28 21:45:04.819] [jointLog] [info] iteration = 800 | max rel diff. = 0.0582865
[2023-04-28 21:45:06.992] [jointLog] [info] iteration = 900 | max rel diff. = 0.615705
[2023-04-28 21:45:09.154] [jointLog] [info] iteration = 1,000 | max rel diff. = 0.347655
[2023-04-28 21:45:09.241] [jointLog] [info] iteration = 1,005 | max rel diff. = 0.00931161
[2023-04-28 21:45:09.250] [jointLog] [info] Finished optimizer
[2023-04-28 21:45:09.250] [jointLog] [info] writing output 

