[2023-04-28 21:15:05.002] [jointLog] [info] setting maxHashResizeThreads to 4
[2023-04-28 21:15:05.002] [jointLog] [info] Fragment incompatibility prior below threshold.  Incompatible fragments will be ignored.
[2023-04-28 21:15:05.002] [jointLog] [info] Usage of --validateMappings implies use of minScoreFraction. Since not explicitly specified, it is being set to 0.65
[2023-04-28 21:15:05.002] [jointLog] [info] Setting consensusSlack to selective-alignment default of 0.35.
[2023-04-28 21:15:05.002] [jointLog] [info] parsing read library format
[2023-04-28 21:15:05.003] [jointLog] [info] There is 1 library.
[2023-04-28 21:15:05.014] [jointLog] [info] Loading pufferfish index
[2023-04-28 21:15:05.028] [jointLog] [info] Loading dense pufferfish index.
[2023-04-28 21:15:14.541] [jointLog] [info] done
[2023-04-28 21:15:14.685] [jointLog] [info] Index contained 252,045 targets
[2023-04-28 21:15:14.771] [jointLog] [info] Number of decoys : 0
[2023-04-28 21:15:15.697] [jointLog] [info] Automatically detected most likely library type as SF

[2023-04-28 21:18:53.590] [jointLog] [info] Thread saw mini-batch with a maximum of 6.26% zero probability fragments
[2023-04-28 21:18:53.594] [jointLog] [info] Thread saw mini-batch with a maximum of 6.58% zero probability fragments
[2023-04-28 21:18:53.723] [jointLog] [info] Thread saw mini-batch with a maximum of 6.44% zero probability fragments
[2023-04-28 21:18:53.743] [jointLog] [info] Thread saw mini-batch with a maximum of 6.58% zero probability fragments
[2023-04-28 21:18:53.926] [jointLog] [info] Computed 146,627 rich equivalence classes for further processing
[2023-04-28 21:18:53.926] [jointLog] [info] Counted 4,329,108 total reads in the equivalence classes 
[2023-04-28 21:18:53.930] [jointLog] [info] Number of mappings discarded because of alignment score : 40,392,700
[2023-04-28 21:18:53.930] [jointLog] [info] Number of fragments entirely discarded because of alignment score : 283,158
[2023-04-28 21:18:53.930] [jointLog] [info] Number of fragments discarded because they are best-mapped to decoys : 0
[2023-04-28 21:18:53.930] [jointLog] [info] Number of fragments discarded because they have only dovetail (discordant) mappings to valid targets : 0
[2023-04-28 21:18:53.944] [jointLog] [warning] Only 4329108 fragments were mapped, but the number of burn-in fragments was set to 5000000.
The effective lengths have been computed using the observed mappings.

[2023-04-28 21:18:53.944] [jointLog] [info] Mapping rate = 77.5253%

[2023-04-28 21:18:53.944] [jointLog] [info] finished quantifyLibrary()
[2023-04-28 21:18:53.944] [jointLog] [info] Starting optimizer
[2023-04-28 21:18:54.104] [jointLog] [info] Marked 0 weighted equivalence classes as degenerate
[2023-04-28 21:18:54.132] [jointLog] [info] iteration = 0 | max rel diff. = 1566.99
[2023-04-28 21:18:53.926] [fileLog] [info] 
At end of round 0
==================
Observed 5584125 total fragments (5584125 in most recent round)

[2023-04-28 21:18:56.787] [jointLog] [info] iteration = 100 | max rel diff. = 13.8669
[2023-04-28 21:18:59.309] [jointLog] [info] iteration = 200 | max rel diff. = 4.58425
[2023-04-28 21:19:01.820] [jointLog] [info] iteration = 300 | max rel diff. = 6.97991
[2023-04-28 21:19:04.341] [jointLog] [info] iteration = 400 | max rel diff. = 0.632561
[2023-04-28 21:19:06.829] [jointLog] [info] iteration = 500 | max rel diff. = 0.299243
[2023-04-28 21:19:09.324] [jointLog] [info] iteration = 600 | max rel diff. = 0.388512
[2023-04-28 21:19:11.822] [jointLog] [info] iteration = 700 | max rel diff. = 0.15082
[2023-04-28 21:19:14.462] [jointLog] [info] iteration = 800 | max rel diff. = 0.0273313
[2023-04-28 21:19:16.949] [jointLog] [info] iteration = 900 | max rel diff. = 0.0261293
[2023-04-28 21:19:19.490] [jointLog] [info] iteration = 1,000 | max rel diff. = 0.0135416
[2023-04-28 21:19:21.319] [jointLog] [info] iteration = 1,074 | max rel diff. = 0.00997501
[2023-04-28 21:19:21.329] [jointLog] [info] Finished optimizer
[2023-04-28 21:19:21.329] [jointLog] [info] writing output 

